[ERROR] [2020-07-11 20:09:05,266] [com.liujun.download.hrefqueue.HtmlHrefQueueManager.load(HtmlHrefQueueManager.java:63)] [main] [27196]   : html href queue load IOException:
java.io.EOFException
	at java.io.ObjectInputStream$BlockDataInputStream.peekByte(ObjectInputStream.java:3014) ~[?:1.8.0_241]
	at java.io.ObjectInputStream.skipCustomData(ObjectInputStream.java:2295) ~[?:1.8.0_241]
	at java.io.ObjectInputStream.readSerialData(ObjectInputStream.java:2269) ~[?:1.8.0_241]
	at java.io.ObjectInputStream.readOrdinaryObject(ObjectInputStream.java:2123) ~[?:1.8.0_241]
	at java.io.ObjectInputStream.readObject0(ObjectInputStream.java:1624) ~[?:1.8.0_241]
	at java.io.ObjectInputStream.defaultReadFields(ObjectInputStream.java:2341) ~[?:1.8.0_241]
	at java.io.ObjectInputStream.readSerialData(ObjectInputStream.java:2265) ~[?:1.8.0_241]
	at java.io.ObjectInputStream.readOrdinaryObject(ObjectInputStream.java:2123) ~[?:1.8.0_241]
	at java.io.ObjectInputStream.readObject0(ObjectInputStream.java:1624) ~[?:1.8.0_241]
	at java.io.ObjectInputStream.readObject(ObjectInputStream.java:464) ~[?:1.8.0_241]
	at java.io.ObjectInputStream.readObject(ObjectInputStream.java:422) ~[?:1.8.0_241]
	at com.liujun.download.hrefqueue.HtmlHrefQueueManager.load(HtmlHrefQueueManager.java:60) [classes/:?]
	at com.liujun.download.hrefqueue.HtmlHrefQueueManager.<init>(HtmlHrefQueueManager.java:31) [classes/:?]
	at com.liujun.download.hrefqueue.HtmlHrefQueueManager.<clinit>(HtmlHrefQueueManager.java:27) [classes/:?]
	at com.liujun.download.hrefqueue.TestHtmlHrefQueueManager.load(TestHtmlHrefQueueManager.java:24) [test-classes/:?]
	at sun.reflect.NativeMethodAccessorImpl.invoke0(Native Method) ~[?:1.8.0_241]
	at sun.reflect.NativeMethodAccessorImpl.invoke(NativeMethodAccessorImpl.java:62) ~[?:1.8.0_241]
	at sun.reflect.DelegatingMethodAccessorImpl.invoke(DelegatingMethodAccessorImpl.java:43) ~[?:1.8.0_241]
	at java.lang.reflect.Method.invoke(Method.java:498) ~[?:1.8.0_241]
	at org.junit.runners.model.FrameworkMethod$1.runReflectiveCall(FrameworkMethod.java:47) [junit-4.11.jar:?]
	at org.junit.internal.runners.model.ReflectiveCallable.run(ReflectiveCallable.java:12) [junit-4.11.jar:?]
	at org.junit.runners.model.FrameworkMethod.invokeExplosively(FrameworkMethod.java:44) [junit-4.11.jar:?]
	at org.junit.internal.runners.statements.InvokeMethod.evaluate(InvokeMethod.java:17) [junit-4.11.jar:?]
	at org.junit.runners.ParentRunner.runLeaf(ParentRunner.java:271) [junit-4.11.jar:?]
	at org.junit.runners.BlockJUnit4ClassRunner.runChild(BlockJUnit4ClassRunner.java:70) [junit-4.11.jar:?]
	at org.junit.runners.BlockJUnit4ClassRunner.runChild(BlockJUnit4ClassRunner.java:50) [junit-4.11.jar:?]
	at org.junit.runners.ParentRunner$3.run(ParentRunner.java:238) [junit-4.11.jar:?]
	at org.junit.runners.ParentRunner$1.schedule(ParentRunner.java:63) [junit-4.11.jar:?]
	at org.junit.runners.ParentRunner.runChildren(ParentRunner.java:236) [junit-4.11.jar:?]
	at org.junit.runners.ParentRunner.access$000(ParentRunner.java:53) [junit-4.11.jar:?]
	at org.junit.runners.ParentRunner$2.evaluate(ParentRunner.java:229) [junit-4.11.jar:?]
	at org.junit.runners.ParentRunner.run(ParentRunner.java:309) [junit-4.11.jar:?]
	at org.junit.runner.JUnitCore.run(JUnitCore.java:160) [junit-4.11.jar:?]
	at com.intellij.junit4.JUnit4IdeaTestRunner.startRunnerWithArgs(JUnit4IdeaTestRunner.java:68) [junit-rt.jar:?]
	at com.intellij.rt.junit.IdeaTestRunner$Repeater.startRunnerWithArgs(IdeaTestRunner.java:33) [junit-rt.jar:?]
	at com.intellij.rt.junit.JUnitStarter.prepareStreamsAndStart(JUnitStarter.java:230) [junit-rt.jar:?]
	at com.intellij.rt.junit.JUnitStarter.main(JUnitStarter.java:58) [junit-rt.jar:?]
[ERROR] [2020-07-11 20:09:37,347] [com.liujun.download.hrefqueue.HtmlHrefQueueManager.load(HtmlHrefQueueManager.java:63)] [main] [59277]   : html href queue load IOException:
java.io.EOFException
	at java.io.ObjectInputStream$BlockDataInputStream.peekByte(ObjectInputStream.java:3014) ~[?:1.8.0_241]
	at java.io.ObjectInputStream.skipCustomData(ObjectInputStream.java:2295) ~[?:1.8.0_241]
	at java.io.ObjectInputStream.readSerialData(ObjectInputStream.java:2269) ~[?:1.8.0_241]
	at java.io.ObjectInputStream.readOrdinaryObject(ObjectInputStream.java:2123) ~[?:1.8.0_241]
	at java.io.ObjectInputStream.readObject0(ObjectInputStream.java:1624) ~[?:1.8.0_241]
	at java.io.ObjectInputStream.defaultReadFields(ObjectInputStream.java:2341) ~[?:1.8.0_241]
	at java.io.ObjectInputStream.readSerialData(ObjectInputStream.java:2265) ~[?:1.8.0_241]
	at java.io.ObjectInputStream.readOrdinaryObject(ObjectInputStream.java:2123) ~[?:1.8.0_241]
	at java.io.ObjectInputStream.readObject0(ObjectInputStream.java:1624) ~[?:1.8.0_241]
	at java.io.ObjectInputStream.readObject(ObjectInputStream.java:464) ~[?:1.8.0_241]
	at java.io.ObjectInputStream.readObject(ObjectInputStream.java:422) ~[?:1.8.0_241]
	at com.liujun.download.hrefqueue.HtmlHrefQueueManager.load(HtmlHrefQueueManager.java:60) [classes/:?]
	at com.liujun.download.hrefqueue.TestHtmlHrefQueueManager.load(TestHtmlHrefQueueManager.java:24) [test-classes/:?]
	at sun.reflect.NativeMethodAccessorImpl.invoke0(Native Method) ~[?:1.8.0_241]
	at sun.reflect.NativeMethodAccessorImpl.invoke(NativeMethodAccessorImpl.java:62) ~[?:1.8.0_241]
	at sun.reflect.DelegatingMethodAccessorImpl.invoke(DelegatingMethodAccessorImpl.java:43) ~[?:1.8.0_241]
	at java.lang.reflect.Method.invoke(Method.java:498) ~[?:1.8.0_241]
	at org.junit.runners.model.FrameworkMethod$1.runReflectiveCall(FrameworkMethod.java:47) [junit-4.11.jar:?]
	at org.junit.internal.runners.model.ReflectiveCallable.run(ReflectiveCallable.java:12) [junit-4.11.jar:?]
	at org.junit.runners.model.FrameworkMethod.invokeExplosively(FrameworkMethod.java:44) [junit-4.11.jar:?]
	at org.junit.internal.runners.statements.InvokeMethod.evaluate(InvokeMethod.java:17) [junit-4.11.jar:?]
	at org.junit.runners.ParentRunner.runLeaf(ParentRunner.java:271) [junit-4.11.jar:?]
	at org.junit.runners.BlockJUnit4ClassRunner.runChild(BlockJUnit4ClassRunner.java:70) [junit-4.11.jar:?]
	at org.junit.runners.BlockJUnit4ClassRunner.runChild(BlockJUnit4ClassRunner.java:50) [junit-4.11.jar:?]
	at org.junit.runners.ParentRunner$3.run(ParentRunner.java:238) [junit-4.11.jar:?]
	at org.junit.runners.ParentRunner$1.schedule(ParentRunner.java:63) [junit-4.11.jar:?]
	at org.junit.runners.ParentRunner.runChildren(ParentRunner.java:236) [junit-4.11.jar:?]
	at org.junit.runners.ParentRunner.access$000(ParentRunner.java:53) [junit-4.11.jar:?]
	at org.junit.runners.ParentRunner$2.evaluate(ParentRunner.java:229) [junit-4.11.jar:?]
	at org.junit.runners.ParentRunner.run(ParentRunner.java:309) [junit-4.11.jar:?]
	at org.junit.runner.JUnitCore.run(JUnitCore.java:160) [junit-4.11.jar:?]
	at com.intellij.junit4.JUnit4IdeaTestRunner.startRunnerWithArgs(JUnit4IdeaTestRunner.java:68) [junit-rt.jar:?]
	at com.intellij.rt.junit.IdeaTestRunner$Repeater.startRunnerWithArgs(IdeaTestRunner.java:33) [junit-rt.jar:?]
	at com.intellij.rt.junit.JUnitStarter.prepareStreamsAndStart(JUnitStarter.java:230) [junit-rt.jar:?]
	at com.intellij.rt.junit.JUnitStarter.main(JUnitStarter.java:58) [junit-rt.jar:?]
