[ERROR] [2020-07-11 20:09:05,266] [com.liujun.download.hrefqueue.HtmlHrefQueueManager.load(HtmlHrefQueueManager.java:63)] [main] [27196]   : html href queue load IOException:
java.io.EOFException
	at java.io.ObjectInputStream$BlockDataInputStream.peekByte(ObjectInputStream.java:3014) ~[?:1.8.0_241]
	at java.io.ObjectInputStream.skipCustomData(ObjectInputStream.java:2295) ~[?:1.8.0_241]
	at java.io.ObjectInputStream.readSerialData(ObjectInputStream.java:2269) ~[?:1.8.0_241]
	at java.io.ObjectInputStream.readOrdinaryObject(ObjectInputStream.java:2123) ~[?:1.8.0_241]
	at java.io.ObjectInputStream.readObject0(ObjectInputStream.java:1624) ~[?:1.8.0_241]
	at java.io.ObjectInputStream.defaultReadFields(ObjectInputStream.java:2341) ~[?:1.8.0_241]
	at java.io.ObjectInputStream.readSerialData(ObjectInputStream.java:2265) ~[?:1.8.0_241]
	at java.io.ObjectInputStream.readOrdinaryObject(ObjectInputStream.java:2123) ~[?:1.8.0_241]
	at java.io.ObjectInputStream.readObject0(ObjectInputStream.java:1624) ~[?:1.8.0_241]
	at java.io.ObjectInputStream.readObject(ObjectInputStream.java:464) ~[?:1.8.0_241]
	at java.io.ObjectInputStream.readObject(ObjectInputStream.java:422) ~[?:1.8.0_241]
	at com.liujun.download.hrefqueue.HtmlHrefQueueManager.load(HtmlHrefQueueManager.java:60) [classes/:?]
	at com.liujun.download.hrefqueue.HtmlHrefQueueManager.<init>(HtmlHrefQueueManager.java:31) [classes/:?]
	at com.liujun.download.hrefqueue.HtmlHrefQueueManager.<clinit>(HtmlHrefQueueManager.java:27) [classes/:?]
	at com.liujun.download.hrefqueue.TestHtmlHrefQueueManager.load(TestHtmlHrefQueueManager.java:24) [test-classes/:?]
	at sun.reflect.NativeMethodAccessorImpl.invoke0(Native Method) ~[?:1.8.0_241]
	at sun.reflect.NativeMethodAccessorImpl.invoke(NativeMethodAccessorImpl.java:62) ~[?:1.8.0_241]
	at sun.reflect.DelegatingMethodAccessorImpl.invoke(DelegatingMethodAccessorImpl.java:43) ~[?:1.8.0_241]
	at java.lang.reflect.Method.invoke(Method.java:498) ~[?:1.8.0_241]
	at org.junit.runners.model.FrameworkMethod$1.runReflectiveCall(FrameworkMethod.java:47) [junit-4.11.jar:?]
	at org.junit.internal.runners.model.ReflectiveCallable.run(ReflectiveCallable.java:12) [junit-4.11.jar:?]
	at org.junit.runners.model.FrameworkMethod.invokeExplosively(FrameworkMethod.java:44) [junit-4.11.jar:?]
	at org.junit.internal.runners.statements.InvokeMethod.evaluate(InvokeMethod.java:17) [junit-4.11.jar:?]
	at org.junit.runners.ParentRunner.runLeaf(ParentRunner.java:271) [junit-4.11.jar:?]
	at org.junit.runners.BlockJUnit4ClassRunner.runChild(BlockJUnit4ClassRunner.java:70) [junit-4.11.jar:?]
	at org.junit.runners.BlockJUnit4ClassRunner.runChild(BlockJUnit4ClassRunner.java:50) [junit-4.11.jar:?]
	at org.junit.runners.ParentRunner$3.run(ParentRunner.java:238) [junit-4.11.jar:?]
	at org.junit.runners.ParentRunner$1.schedule(ParentRunner.java:63) [junit-4.11.jar:?]
	at org.junit.runners.ParentRunner.runChildren(ParentRunner.java:236) [junit-4.11.jar:?]
	at org.junit.runners.ParentRunner.access$000(ParentRunner.java:53) [junit-4.11.jar:?]
	at org.junit.runners.ParentRunner$2.evaluate(ParentRunner.java:229) [junit-4.11.jar:?]
	at org.junit.runners.ParentRunner.run(ParentRunner.java:309) [junit-4.11.jar:?]
	at org.junit.runner.JUnitCore.run(JUnitCore.java:160) [junit-4.11.jar:?]
	at com.intellij.junit4.JUnit4IdeaTestRunner.startRunnerWithArgs(JUnit4IdeaTestRunner.java:68) [junit-rt.jar:?]
	at com.intellij.rt.junit.IdeaTestRunner$Repeater.startRunnerWithArgs(IdeaTestRunner.java:33) [junit-rt.jar:?]
	at com.intellij.rt.junit.JUnitStarter.prepareStreamsAndStart(JUnitStarter.java:230) [junit-rt.jar:?]
	at com.intellij.rt.junit.JUnitStarter.main(JUnitStarter.java:58) [junit-rt.jar:?]
[ERROR] [2020-07-11 20:09:37,347] [com.liujun.download.hrefqueue.HtmlHrefQueueManager.load(HtmlHrefQueueManager.java:63)] [main] [59277]   : html href queue load IOException:
java.io.EOFException
	at java.io.ObjectInputStream$BlockDataInputStream.peekByte(ObjectInputStream.java:3014) ~[?:1.8.0_241]
	at java.io.ObjectInputStream.skipCustomData(ObjectInputStream.java:2295) ~[?:1.8.0_241]
	at java.io.ObjectInputStream.readSerialData(ObjectInputStream.java:2269) ~[?:1.8.0_241]
	at java.io.ObjectInputStream.readOrdinaryObject(ObjectInputStream.java:2123) ~[?:1.8.0_241]
	at java.io.ObjectInputStream.readObject0(ObjectInputStream.java:1624) ~[?:1.8.0_241]
	at java.io.ObjectInputStream.defaultReadFields(ObjectInputStream.java:2341) ~[?:1.8.0_241]
	at java.io.ObjectInputStream.readSerialData(ObjectInputStream.java:2265) ~[?:1.8.0_241]
	at java.io.ObjectInputStream.readOrdinaryObject(ObjectInputStream.java:2123) ~[?:1.8.0_241]
	at java.io.ObjectInputStream.readObject0(ObjectInputStream.java:1624) ~[?:1.8.0_241]
	at java.io.ObjectInputStream.readObject(ObjectInputStream.java:464) ~[?:1.8.0_241]
	at java.io.ObjectInputStream.readObject(ObjectInputStream.java:422) ~[?:1.8.0_241]
	at com.liujun.download.hrefqueue.HtmlHrefQueueManager.load(HtmlHrefQueueManager.java:60) [classes/:?]
	at com.liujun.download.hrefqueue.TestHtmlHrefQueueManager.load(TestHtmlHrefQueueManager.java:24) [test-classes/:?]
	at sun.reflect.NativeMethodAccessorImpl.invoke0(Native Method) ~[?:1.8.0_241]
	at sun.reflect.NativeMethodAccessorImpl.invoke(NativeMethodAccessorImpl.java:62) ~[?:1.8.0_241]
	at sun.reflect.DelegatingMethodAccessorImpl.invoke(DelegatingMethodAccessorImpl.java:43) ~[?:1.8.0_241]
	at java.lang.reflect.Method.invoke(Method.java:498) ~[?:1.8.0_241]
	at org.junit.runners.model.FrameworkMethod$1.runReflectiveCall(FrameworkMethod.java:47) [junit-4.11.jar:?]
	at org.junit.internal.runners.model.ReflectiveCallable.run(ReflectiveCallable.java:12) [junit-4.11.jar:?]
	at org.junit.runners.model.FrameworkMethod.invokeExplosively(FrameworkMethod.java:44) [junit-4.11.jar:?]
	at org.junit.internal.runners.statements.InvokeMethod.evaluate(InvokeMethod.java:17) [junit-4.11.jar:?]
	at org.junit.runners.ParentRunner.runLeaf(ParentRunner.java:271) [junit-4.11.jar:?]
	at org.junit.runners.BlockJUnit4ClassRunner.runChild(BlockJUnit4ClassRunner.java:70) [junit-4.11.jar:?]
	at org.junit.runners.BlockJUnit4ClassRunner.runChild(BlockJUnit4ClassRunner.java:50) [junit-4.11.jar:?]
	at org.junit.runners.ParentRunner$3.run(ParentRunner.java:238) [junit-4.11.jar:?]
	at org.junit.runners.ParentRunner$1.schedule(ParentRunner.java:63) [junit-4.11.jar:?]
	at org.junit.runners.ParentRunner.runChildren(ParentRunner.java:236) [junit-4.11.jar:?]
	at org.junit.runners.ParentRunner.access$000(ParentRunner.java:53) [junit-4.11.jar:?]
	at org.junit.runners.ParentRunner$2.evaluate(ParentRunner.java:229) [junit-4.11.jar:?]
	at org.junit.runners.ParentRunner.run(ParentRunner.java:309) [junit-4.11.jar:?]
	at org.junit.runner.JUnitCore.run(JUnitCore.java:160) [junit-4.11.jar:?]
	at com.intellij.junit4.JUnit4IdeaTestRunner.startRunnerWithArgs(JUnit4IdeaTestRunner.java:68) [junit-rt.jar:?]
	at com.intellij.rt.junit.IdeaTestRunner$Repeater.startRunnerWithArgs(IdeaTestRunner.java:33) [junit-rt.jar:?]
	at com.intellij.rt.junit.JUnitStarter.prepareStreamsAndStart(JUnitStarter.java:230) [junit-rt.jar:?]
	at com.intellij.rt.junit.JUnitStarter.main(JUnitStarter.java:58) [junit-rt.jar:?]
[INFO] [2020-07-11 20:37:16,704] [com.liujun.flow.start.ShutDownHook.runFlow(ShutDownHook.java:21)] [main] [19124]   : start flow shutdown hook start
[INFO] [2020-07-11 20:37:16,708] [com.liujun.flow.start.ShutDownHook.runFlow(ShutDownHook.java:24)] [main] [19128]   : start flow shutdown hook finish
[INFO] [2020-07-11 20:37:16,708] [com.liujun.flow.start.HrefErrorSaveTask.runFlow(HrefErrorSaveTask.java:22)] [main] [19128]   : start flow href error save task start 
[INFO] [2020-07-11 20:37:16,717] [com.liujun.flow.start.HrefErrorSaveTask.runFlow(HrefErrorSaveTask.java:26)] [main] [19137]   : start flow href error save task finish 
[INFO] [2020-07-11 20:37:16,717] [com.liujun.flow.start.DownloadQueueSave.runFlow(DownloadQueueSave.java:22)] [main] [19137]   : start flow download queue start
[INFO] [2020-07-11 20:37:16,719] [com.liujun.flow.start.DownloadQueueSave.runFlow(DownloadQueueSave.java:26)] [main] [19139]   : start flow download queue finish
[INFO] [2020-07-11 20:37:16,720] [com.liujun.flow.start.BloomFilterSave.runFlow(BloomFilterSave.java:22)] [main] [19140]   : start flow bloom filter start 
[INFO] [2020-07-11 20:37:16,723] [com.liujun.flow.start.BloomFilterSave.runFlow(BloomFilterSave.java:24)] [main] [19143]   : start flow bloom filter finish 
[INFO] [2020-07-11 20:37:16,724] [com.liujun.flow.start.ScheduleTimeTaskStart.runFlow(ScheduleTimeTaskStart.java:22)] [main] [19144]   : start flow time task start 
[INFO] [2020-07-11 20:37:16,724] [com.liujun.flow.start.ScheduleTimeTaskStart.runFlow(ScheduleTimeTaskStart.java:26)] [main] [19144]   : start flow time task finish 
[INFO] [2020-07-11 20:37:23,203] [com.liujun.flow.start.ShutDownHook.runFlow(ShutDownHook.java:21)] [main] [3420]   : start flow shutdown hook start
[INFO] [2020-07-11 20:37:23,207] [com.liujun.flow.start.ShutDownHook.runFlow(ShutDownHook.java:24)] [main] [3424]   : start flow shutdown hook finish
[INFO] [2020-07-11 20:37:23,207] [com.liujun.flow.start.HrefErrorSaveTask.runFlow(HrefErrorSaveTask.java:22)] [main] [3424]   : start flow href error save task start 
[INFO] [2020-07-11 20:37:23,212] [com.liujun.flow.start.HrefErrorSaveTask.runFlow(HrefErrorSaveTask.java:26)] [main] [3429]   : start flow href error save task finish 
[INFO] [2020-07-11 20:37:23,212] [com.liujun.flow.start.DownloadQueueSave.runFlow(DownloadQueueSave.java:22)] [main] [3429]   : start flow download queue start
[INFO] [2020-07-11 20:37:23,214] [com.liujun.flow.start.DownloadQueueSave.runFlow(DownloadQueueSave.java:26)] [main] [3431]   : start flow download queue finish
[INFO] [2020-07-11 20:37:23,214] [com.liujun.flow.start.BloomFilterSave.runFlow(BloomFilterSave.java:22)] [main] [3431]   : start flow bloom filter start 
[INFO] [2020-07-11 20:37:23,215] [com.liujun.flow.start.BloomFilterSave.runFlow(BloomFilterSave.java:24)] [main] [3432]   : start flow bloom filter finish 
[INFO] [2020-07-11 20:37:23,216] [com.liujun.flow.start.ScheduleTimeTaskStart.runFlow(ScheduleTimeTaskStart.java:22)] [main] [3433]   : start flow time task start 
[INFO] [2020-07-11 20:37:23,216] [com.liujun.flow.start.ScheduleTimeTaskStart.runFlow(ScheduleTimeTaskStart.java:26)] [main] [3433]   : start flow time task finish 
[INFO] [2020-07-11 20:40:52,185] [com.liujun.element.download.HttpsClientManager.getConnection(HttpsClientManager.java:157)] [Thread-1] [212402]   : HttpsClientManager now client pool [leased: 0; pending: 0; available: 0; max: 20]
[INFO] [2020-07-11 20:42:45,040] [com.liujun.flow.start.ShutDownHook.runFlow(ShutDownHook.java:21)] [main] [2866]   : start flow shutdown hook start
[INFO] [2020-07-11 20:42:45,043] [com.liujun.flow.start.ShutDownHook.runFlow(ShutDownHook.java:24)] [main] [2869]   : start flow shutdown hook finish
[INFO] [2020-07-11 20:42:45,044] [com.liujun.flow.start.HtmlBoomFilterLoader.runFlow(HtmlBoomFilterLoader.java:22)] [main] [2870]   : start flow html boom filter start
[INFO] [2020-07-11 20:43:17,443] [com.liujun.flow.start.ShutDownHook.runFlow(ShutDownHook.java:21)] [main] [699 ]   : start flow shutdown hook start
[INFO] [2020-07-11 20:43:17,445] [com.liujun.flow.start.ShutDownHook.runFlow(ShutDownHook.java:24)] [main] [701 ]   : start flow shutdown hook finish
[INFO] [2020-07-11 20:43:17,445] [com.liujun.flow.start.HtmlBoomFilterLoader.runFlow(HtmlBoomFilterLoader.java:22)] [main] [701 ]   : start flow html boom filter start
[INFO] [2020-07-11 20:43:18,031] [com.liujun.flow.start.HtmlBoomFilterLoader.runFlow(HtmlBoomFilterLoader.java:29)] [main] [1287]   : start flow  html boom filter finish
[INFO] [2020-07-11 20:43:18,031] [com.liujun.flow.start.HrefErrorSaveTask.runFlow(HrefErrorSaveTask.java:22)] [main] [1287]   : start flow href error save task start 
[INFO] [2020-07-11 20:43:18,034] [com.liujun.flow.start.HrefErrorSaveTask.runFlow(HrefErrorSaveTask.java:26)] [main] [1290]   : start flow href error save task finish 
[INFO] [2020-07-11 20:43:18,034] [com.liujun.flow.start.DownloadQueueSave.runFlow(DownloadQueueSave.java:22)] [main] [1290]   : start flow download queue start
[INFO] [2020-07-11 20:43:18,035] [com.liujun.flow.start.DownloadQueueSave.runFlow(DownloadQueueSave.java:26)] [main] [1291]   : start flow download queue finish
[INFO] [2020-07-11 20:43:18,035] [com.liujun.flow.start.BloomFilterSave.runFlow(BloomFilterSave.java:22)] [main] [1291]   : start flow bloom filter start 
[INFO] [2020-07-11 20:43:18,036] [com.liujun.flow.start.BloomFilterSave.runFlow(BloomFilterSave.java:24)] [main] [1292]   : start flow bloom filter finish 
[INFO] [2020-07-11 20:43:18,036] [com.liujun.flow.start.ScheduleTimeTaskStart.runFlow(ScheduleTimeTaskStart.java:22)] [main] [1292]   : start flow time task start 
[INFO] [2020-07-11 20:43:18,036] [com.liujun.flow.start.ScheduleTimeTaskStart.runFlow(ScheduleTimeTaskStart.java:26)] [main] [1292]   : start flow time task finish 
[INFO] [2020-07-11 20:43:30,482] [com.liujun.element.download.HttpsClientManager.getConnection(HttpsClientManager.java:157)] [Thread-1] [13738]   : HttpsClientManager now client pool [leased: 0; pending: 0; available: 0; max: 20]
[INFO] [2020-07-11 20:44:13,862] [com.liujun.flow.start.ShutDownHook.runFlow(ShutDownHook.java:21)] [main] [683 ]   : start flow shutdown hook start
[INFO] [2020-07-11 20:44:13,863] [com.liujun.flow.start.ShutDownHook.runFlow(ShutDownHook.java:24)] [main] [684 ]   : start flow shutdown hook finish
[INFO] [2020-07-11 20:44:13,864] [com.liujun.flow.start.HtmlBoomFilterLoader.runFlow(HtmlBoomFilterLoader.java:22)] [main] [685 ]   : start flow html boom filter start
[INFO] [2020-07-11 20:44:14,440] [com.liujun.flow.start.HtmlBoomFilterLoader.runFlow(HtmlBoomFilterLoader.java:29)] [main] [1261]   : start flow  html boom filter finish
[INFO] [2020-07-11 20:44:14,440] [com.liujun.flow.start.HrefErrorSaveTask.runFlow(HrefErrorSaveTask.java:22)] [main] [1261]   : start flow href error save task start 
[INFO] [2020-07-11 20:44:14,444] [com.liujun.flow.start.HrefErrorSaveTask.runFlow(HrefErrorSaveTask.java:26)] [main] [1265]   : start flow href error save task finish 
[INFO] [2020-07-11 20:44:14,444] [com.liujun.flow.start.DownloadQueueSave.runFlow(DownloadQueueSave.java:22)] [main] [1265]   : start flow download queue start
[INFO] [2020-07-11 20:44:14,445] [com.liujun.flow.start.DownloadQueueSave.runFlow(DownloadQueueSave.java:26)] [main] [1266]   : start flow download queue finish
[INFO] [2020-07-11 20:44:14,445] [com.liujun.flow.start.BloomFilterSave.runFlow(BloomFilterSave.java:22)] [main] [1266]   : start flow bloom filter start 
[INFO] [2020-07-11 20:44:14,446] [com.liujun.flow.start.BloomFilterSave.runFlow(BloomFilterSave.java:24)] [main] [1267]   : start flow bloom filter finish 
[INFO] [2020-07-11 20:44:14,446] [com.liujun.flow.start.ScheduleTimeTaskStart.runFlow(ScheduleTimeTaskStart.java:22)] [main] [1267]   : start flow time task start 
[INFO] [2020-07-11 20:44:14,446] [com.liujun.flow.start.ScheduleTimeTaskStart.runFlow(ScheduleTimeTaskStart.java:26)] [main] [1267]   : start flow time task finish 
[INFO] [2020-07-11 20:45:28,375] [com.liujun.element.download.HttpsClientManager.getConnection(HttpsClientManager.java:157)] [Thread-1] [75196]   : HttpsClientManager now client pool [leased: 0; pending: 0; available: 0; max: 20]
[INFO] [2020-07-11 22:21:23,880] [com.liujun.flow.start.ShutDownHook.runFlow(ShutDownHook.java:21)] [main] [744 ]   : start flow shutdown hook start
[INFO] [2020-07-11 22:21:23,882] [com.liujun.flow.start.ShutDownHook.runFlow(ShutDownHook.java:24)] [main] [746 ]   : start flow shutdown hook finish
[INFO] [2020-07-11 22:21:23,882] [com.liujun.flow.start.HtmlBoomFilterLoader.runFlow(HtmlBoomFilterLoader.java:22)] [main] [746 ]   : start flow html boom filter start
[INFO] [2020-07-11 22:21:24,643] [com.liujun.flow.start.HtmlBoomFilterLoader.runFlow(HtmlBoomFilterLoader.java:29)] [main] [1507]   : start flow  html boom filter finish
[INFO] [2020-07-11 22:21:24,644] [com.liujun.flow.start.HrefErrorSaveTask.runFlow(HrefErrorSaveTask.java:22)] [main] [1508]   : start flow href error save task start 
[INFO] [2020-07-11 22:21:24,648] [com.liujun.flow.start.HrefErrorSaveTask.runFlow(HrefErrorSaveTask.java:26)] [main] [1512]   : start flow href error save task finish 
[INFO] [2020-07-11 22:21:24,648] [com.liujun.flow.start.DownloadQueueSave.runFlow(DownloadQueueSave.java:22)] [main] [1512]   : start flow download queue start
[INFO] [2020-07-11 22:21:24,649] [com.liujun.flow.start.DownloadQueueSave.runFlow(DownloadQueueSave.java:26)] [main] [1513]   : start flow download queue finish
[INFO] [2020-07-11 22:21:24,649] [com.liujun.flow.start.BloomFilterSave.runFlow(BloomFilterSave.java:22)] [main] [1513]   : start flow bloom filter start 
[INFO] [2020-07-11 22:21:24,650] [com.liujun.flow.start.BloomFilterSave.runFlow(BloomFilterSave.java:24)] [main] [1514]   : start flow bloom filter finish 
[INFO] [2020-07-11 22:21:24,650] [com.liujun.flow.start.ScheduleTimeTaskStart.runFlow(ScheduleTimeTaskStart.java:22)] [main] [1514]   : start flow time task start 
[INFO] [2020-07-11 22:21:24,650] [com.liujun.flow.start.ScheduleTimeTaskStart.runFlow(ScheduleTimeTaskStart.java:26)] [main] [1514]   : start flow time task finish 
